2024-12-19 13:37:21,256 - INFO - Processed and saved: normalized_data\pork.csv
2024-12-21 21:36:59,093 - INFO - Processed and saved: normalized_data\beef1.csv
2024-12-21 21:36:59,297 - INFO - Processed and saved: normalized_data\beef2.csv
2024-12-21 21:36:59,518 - INFO - Processed and saved: normalized_data\beef3.csv
2024-12-21 21:36:59,746 - INFO - Processed and saved: normalized_data\beef4.csv
2024-12-21 21:36:59,949 - INFO - Processed and saved: normalized_data\beef5.csv
2024-12-21 21:37:00,169 - INFO - Processed and saved: normalized_data\can1.csv
2024-12-21 21:37:00,358 - INFO - Processed and saved: normalized_data\can2.csv
2024-12-21 21:37:00,546 - INFO - Processed and saved: normalized_data\can3.csv
2024-12-21 21:37:00,745 - INFO - Processed and saved: normalized_data\can4.csv
2024-12-21 21:37:00,917 - INFO - Processed and saved: normalized_data\can5.csv
2024-12-21 21:37:01,090 - INFO - Processed and saved: normalized_data\nut1.csv
2024-12-21 21:37:01,263 - INFO - Processed and saved: normalized_data\nut2.csv
2024-12-21 21:37:01,499 - INFO - Processed and saved: normalized_data\nut3.csv
2024-12-21 21:37:01,687 - INFO - Processed and saved: normalized_data\nut4.csv
2024-12-21 21:37:01,854 - INFO - Processed and saved: normalized_data\nut5.csv
2024-12-21 21:37:02,027 - INFO - Processed and saved: normalized_data\pork1.csv
2024-12-21 21:37:02,200 - INFO - Processed and saved: normalized_data\pork2.csv
2024-12-21 21:37:02,372 - INFO - Processed and saved: normalized_data\pork3.csv
2024-12-21 21:37:02,611 - INFO - Processed and saved: normalized_data\pork4.csv
2024-12-21 21:37:02,794 - INFO - Processed and saved: normalized_data\pork5.csv
2024-12-21 21:39:13,179 - INFO - Processed and saved: processed_data\beef1.csv
2024-12-21 21:39:13,547 - INFO - Processed and saved: processed_data\beef2.csv
2024-12-21 21:39:13,870 - INFO - Processed and saved: processed_data\beef3.csv
2024-12-21 21:39:14,368 - INFO - Processed and saved: processed_data\beef4.csv
2024-12-21 21:39:14,685 - INFO - Processed and saved: processed_data\beef5.csv
2024-12-21 21:39:15,084 - INFO - Processed and saved: processed_data\can1.csv
2024-12-21 21:39:15,490 - INFO - Processed and saved: processed_data\can2.csv
2024-12-21 21:39:15,859 - INFO - Processed and saved: processed_data\can3.csv
2024-12-21 21:39:16,191 - INFO - Processed and saved: processed_data\can4.csv
2024-12-21 21:39:16,505 - INFO - Processed and saved: processed_data\can5.csv
2024-12-21 21:39:16,851 - INFO - Processed and saved: processed_data\nut1.csv
2024-12-21 21:39:17,179 - INFO - Processed and saved: processed_data\nut2.csv
2024-12-21 21:39:17,476 - INFO - Processed and saved: processed_data\nut3.csv
2024-12-21 21:39:17,822 - INFO - Processed and saved: processed_data\nut4.csv
2024-12-21 21:39:18,184 - INFO - Processed and saved: processed_data\nut5.csv
2024-12-21 21:39:18,529 - INFO - Processed and saved: processed_data\pork1.csv
2024-12-21 21:39:18,844 - INFO - Processed and saved: processed_data\pork2.csv
2024-12-21 21:39:19,167 - INFO - Processed and saved: processed_data\pork3.csv
2024-12-21 21:39:19,527 - INFO - Processed and saved: processed_data\pork4.csv
2024-12-21 21:39:19,930 - INFO - Processed and saved: processed_data\pork5.csv
2024-12-22 21:46:09,869 - INFO - Processed and saved: processed_data\beef10.csv
2024-12-22 21:46:10,321 - INFO - Processed and saved: processed_data\beef6.csv
2024-12-22 21:46:10,835 - INFO - Processed and saved: processed_data\beef7.csv
2024-12-22 21:46:11,387 - INFO - Processed and saved: processed_data\beef8.csv
2024-12-22 21:46:11,837 - INFO - Processed and saved: processed_data\beef9.csv
2024-12-22 21:46:12,346 - INFO - Processed and saved: processed_data\can10.csv
2024-12-22 21:46:12,776 - INFO - Processed and saved: processed_data\can6.csv
2024-12-22 21:46:13,217 - INFO - Processed and saved: processed_data\can7.csv
2024-12-22 21:46:13,675 - INFO - Processed and saved: processed_data\can8.csv
2024-12-22 21:46:14,055 - INFO - Processed and saved: processed_data\can9.csv
2024-12-22 21:46:14,518 - INFO - Processed and saved: processed_data\nut10.csv
2024-12-22 21:46:15,137 - INFO - Processed and saved: processed_data\nut6.csv
2024-12-22 21:46:15,547 - INFO - Processed and saved: processed_data\nut7.csv
2024-12-22 21:46:16,069 - INFO - Processed and saved: processed_data\nut8.csv
2024-12-22 21:46:16,525 - INFO - Processed and saved: processed_data\nut9.csv
2024-12-22 21:46:16,962 - INFO - Processed and saved: processed_data\pork10.csv
2024-12-22 21:46:17,487 - INFO - Processed and saved: processed_data\pork6.csv
2024-12-22 21:46:17,917 - INFO - Processed and saved: processed_data\pork7.csv
2024-12-22 21:46:18,524 - INFO - Processed and saved: processed_data\pork8.csv
2024-12-22 21:46:18,939 - INFO - Processed and saved: processed_data\pork9.csv
2024-12-23 19:50:59,218 - INFO - Processed and saved: processed_data\beef11.csv
2024-12-23 19:50:59,375 - INFO - Processed and saved: processed_data\beef12.csv
2024-12-23 19:50:59,551 - INFO - Processed and saved: processed_data\beef13.csv
2024-12-23 19:50:59,759 - INFO - Processed and saved: processed_data\beef14.csv
2024-12-23 19:51:00,028 - INFO - Processed and saved: processed_data\beef15.csv
2024-12-23 19:51:00,255 - INFO - Processed and saved: processed_data\can11.csv
2024-12-23 19:51:00,459 - INFO - Processed and saved: processed_data\can12.csv
2024-12-23 19:51:00,654 - INFO - Processed and saved: processed_data\can13.csv
2024-12-23 19:51:00,875 - INFO - Processed and saved: processed_data\can14.csv
2024-12-23 19:51:01,070 - INFO - Processed and saved: processed_data\can15.csv
2024-12-23 19:51:01,269 - INFO - Processed and saved: processed_data\nut11.csv
2024-12-23 19:51:01,438 - INFO - Processed and saved: processed_data\nut12.csv
2024-12-23 19:51:01,601 - INFO - Processed and saved: processed_data\nut13.csv
2024-12-23 19:51:01,800 - INFO - Processed and saved: processed_data\nut14.csv
2024-12-23 19:51:01,985 - INFO - Processed and saved: processed_data\nut15.csv
2024-12-23 19:51:02,197 - INFO - Processed and saved: processed_data\pork11.csv
2024-12-23 19:51:02,385 - INFO - Processed and saved: processed_data\pork12.csv
2024-12-23 19:51:02,558 - INFO - Processed and saved: processed_data\pork13.csv
2024-12-23 19:51:02,779 - INFO - Processed and saved: processed_data\pork14.csv
2024-12-23 19:51:02,986 - INFO - Processed and saved: processed_data\pork15.csv
2024-12-25 23:37:37,353 - INFO - Processed and saved: processed_data\beef1.csv
2024-12-25 23:37:37,965 - INFO - Processed and saved: processed_data\beef2.csv
2024-12-25 23:37:38,389 - INFO - Processed and saved: processed_data\beef3.csv
2024-12-25 23:37:38,626 - INFO - Processed and saved: processed_data\beef4.csv
2024-12-25 23:37:39,009 - INFO - Processed and saved: processed_data\beef5.csv
2024-12-25 23:37:39,445 - INFO - Processed and saved: processed_data\can1.csv
2024-12-25 23:37:39,871 - INFO - Processed and saved: processed_data\can2.csv
2024-12-25 23:37:40,345 - INFO - Processed and saved: processed_data\can3.csv
2024-12-25 23:37:40,673 - INFO - Processed and saved: processed_data\can4.csv
2024-12-25 23:37:40,959 - INFO - Processed and saved: processed_data\can5.csv
2024-12-25 23:37:41,193 - INFO - Processed and saved: processed_data\nut1.csv
2024-12-25 23:37:41,374 - INFO - Processed and saved: processed_data\nut2.csv
2024-12-25 23:37:41,636 - INFO - Processed and saved: processed_data\nut3.csv
2024-12-25 23:37:41,905 - INFO - Processed and saved: processed_data\nut4.csv
2024-12-25 23:37:42,134 - INFO - Processed and saved: processed_data\nut5.csv
2024-12-25 23:37:42,341 - INFO - Processed and saved: processed_data\pork1.csv
2024-12-25 23:37:42,527 - INFO - Processed and saved: processed_data\pork2.csv
2024-12-25 23:37:43,010 - INFO - Processed and saved: processed_data\pork3.csv
2024-12-25 23:37:43,265 - INFO - Processed and saved: processed_data\pork4.csv
2024-12-25 23:37:43,663 - INFO - Processed and saved: processed_data\pork5.csv
2024-12-30 13:58:23,882 - INFO - Processed and saved: processed_data\beef1.csv
2024-12-30 13:58:24,197 - INFO - Processed and saved: processed_data\beef10.csv
2024-12-30 13:58:24,452 - INFO - Processed and saved: processed_data\beef11.csv
2024-12-30 13:58:24,751 - INFO - Processed and saved: processed_data\beef12.csv
2024-12-30 13:58:25,049 - INFO - Processed and saved: processed_data\beef13.csv
2024-12-30 13:58:25,325 - INFO - Processed and saved: processed_data\beef14.csv
2024-12-30 13:58:25,612 - INFO - Processed and saved: processed_data\beef15.csv
2024-12-30 13:58:26,130 - INFO - Processed and saved: processed_data\beef2.csv
2024-12-30 13:58:26,627 - INFO - Processed and saved: processed_data\beef3.csv
2024-12-30 13:58:26,970 - INFO - Processed and saved: processed_data\beef4.csv
2024-12-30 13:58:27,478 - INFO - Processed and saved: processed_data\beef5.csv
2024-12-30 13:58:27,815 - INFO - Processed and saved: processed_data\beef6.csv
2024-12-30 13:58:28,119 - INFO - Processed and saved: processed_data\beef7.csv
2024-12-30 13:58:28,430 - INFO - Processed and saved: processed_data\beef8.csv
2024-12-30 13:58:28,725 - INFO - Processed and saved: processed_data\beef9.csv
2024-12-30 13:58:29,334 - INFO - Processed and saved: processed_data\can1.csv
2024-12-30 13:58:29,691 - INFO - Processed and saved: processed_data\can10.csv
2024-12-30 13:58:29,960 - INFO - Processed and saved: processed_data\can11.csv
2024-12-30 13:58:30,290 - INFO - Processed and saved: processed_data\can12.csv
2024-12-30 13:58:30,606 - INFO - Processed and saved: processed_data\can13.csv
2024-12-30 13:58:30,856 - INFO - Processed and saved: processed_data\can14.csv
2024-12-30 13:58:31,172 - INFO - Processed and saved: processed_data\can15.csv
2024-12-30 13:58:31,758 - INFO - Processed and saved: processed_data\can2.csv
2024-12-30 13:58:32,243 - INFO - Processed and saved: processed_data\can3.csv
2024-12-30 13:58:32,536 - INFO - Processed and saved: processed_data\can4.csv
2024-12-30 13:58:32,892 - INFO - Processed and saved: processed_data\can5.csv
2024-12-30 13:58:33,138 - INFO - Processed and saved: processed_data\can6.csv
2024-12-30 13:58:33,477 - INFO - Processed and saved: processed_data\can7.csv
2024-12-30 13:58:33,883 - INFO - Processed and saved: processed_data\can8.csv
2024-12-30 13:58:34,139 - INFO - Processed and saved: processed_data\can9.csv
2024-12-30 13:58:34,568 - INFO - Processed and saved: processed_data\nut1.csv
2024-12-30 13:58:34,837 - INFO - Processed and saved: processed_data\nut10.csv
2024-12-30 13:58:35,126 - INFO - Processed and saved: processed_data\nut11.csv
2024-12-30 13:58:35,435 - INFO - Processed and saved: processed_data\nut12.csv
2024-12-30 13:58:35,787 - INFO - Processed and saved: processed_data\nut13.csv
2024-12-30 13:58:36,135 - INFO - Processed and saved: processed_data\nut14.csv
2024-12-30 13:58:36,441 - INFO - Processed and saved: processed_data\nut15.csv
2024-12-30 13:58:36,725 - INFO - Processed and saved: processed_data\nut2.csv
2024-12-30 13:58:37,155 - INFO - Processed and saved: processed_data\nut3.csv
2024-12-30 13:58:37,499 - INFO - Processed and saved: processed_data\nut4.csv
2024-12-30 13:58:37,840 - INFO - Processed and saved: processed_data\nut5.csv
2024-12-30 13:58:38,115 - INFO - Processed and saved: processed_data\nut6.csv
2024-12-30 13:58:38,432 - INFO - Processed and saved: processed_data\nut7.csv
2024-12-30 13:58:38,764 - INFO - Processed and saved: processed_data\nut8.csv
2024-12-30 13:58:39,102 - INFO - Processed and saved: processed_data\nut9.csv
2024-12-30 13:58:39,481 - INFO - Processed and saved: processed_data\pork1.csv
2024-12-30 13:58:39,834 - INFO - Processed and saved: processed_data\pork10.csv
2024-12-30 13:58:40,134 - INFO - Processed and saved: processed_data\pork11.csv
2024-12-30 13:58:40,463 - INFO - Processed and saved: processed_data\pork12.csv
2024-12-30 13:58:40,963 - INFO - Processed and saved: processed_data\pork13.csv
2024-12-30 13:58:41,264 - INFO - Processed and saved: processed_data\pork14.csv
2024-12-30 13:58:41,703 - INFO - Processed and saved: processed_data\pork15.csv
2024-12-30 13:58:41,970 - INFO - Processed and saved: processed_data\pork2.csv
2024-12-30 13:58:42,419 - INFO - Processed and saved: processed_data\pork3.csv
2024-12-30 13:58:42,828 - INFO - Processed and saved: processed_data\pork4.csv
2024-12-30 13:58:43,345 - INFO - Processed and saved: processed_data\pork5.csv
2024-12-30 13:58:43,560 - INFO - Processed and saved: processed_data\pork6.csv
2024-12-30 13:58:43,904 - INFO - Processed and saved: processed_data\pork7.csv
2024-12-30 13:58:44,227 - INFO - Processed and saved: processed_data\pork8.csv
2024-12-30 13:58:44,551 - INFO - Processed and saved: processed_data\pork9.csv
